Mon, 27 Nov 2023 10:02:55 GMT "GET /users" 200 24 - 3.272 ms
Mon, 27 Nov 2023 10:03:24 GMT "GET /" 200 30 - 4.879 ms
Mon, 27 Nov 2023 10:03:51 GMT "GET /" 200 30 - 0.309 ms
Mon, 27 Nov 2023 10:14:01 GMT "GET /" 404 139 - 3.652 ms
Mon, 27 Nov 2023 10:21:05 GMT "GET /" 500 1449 - 3.181 ms
Mon, 27 Nov 2023 10:24:28 GMT "GET /" 404 139 - 4.467 ms
Mon, 27 Nov 2023 10:24:40 GMT "GET /usersasdf" 404 148 - 0.459 ms
Mon, 27 Nov 2023 10:24:45 GMT "POST /usersasdf" 404 149 - 2.382 ms
Mon, 27 Nov 2023 11:26:17 GMT "POST /" 404 140 - 3.219 ms
Mon, 27 Nov 2023 11:26:22 GMT "GET /" 200 29 - 4.085 ms
Mon, 27 Nov 2023 11:26:30 GMT "GET /api/users" 200 34 - 0.450 ms
Mon, 27 Nov 2023 11:26:35 GMT "GET /api/userssdf" 404 151 - 0.752 ms
Mon, 27 Nov 2023 11:26:40 GMT "GET /api/users/sdf" 404 152 - 0.393 ms
Mon, 27 Nov 2023 12:50:32 GMT "GET /api/students" 200 825 - 5.756 ms
Mon, 27 Nov 2023 13:27:02 GMT "GET /api/students" 200 825 - 6.769 ms
Mon, 27 Nov 2023 13:27:12 GMT "GET /api/students/worst" 404 157 - 2.315 ms
Mon, 27 Nov 2023 13:27:52 GMT "GET /api/students/worst" 404 157 - 2.466 ms
Mon, 27 Nov 2023 13:28:44 GMT "GET /api/students/worst" 404 157 - 5.341 ms
Mon, 27 Nov 2023 13:31:22 GMT "GET /api/students/worst" 404 157 - 4.884 ms
Mon, 27 Nov 2023 13:32:12 GMT "GET /api/students/worst" 404 157 - 3.211 ms
Mon, 27 Nov 2023 13:32:53 GMT "GET /api/students/worst" 404 157 - 3.242 ms
Mon, 27 Nov 2023 13:33:15 GMT "GET /api/students/worst" 404 157 - 5.329 ms
Mon, 27 Nov 2023 13:33:35 GMT "GET /api/students/worst" 404 157 - 3.872 ms
Mon, 27 Nov 2023 13:33:59 GMT "GET /api/students/worst" 404 157 - 4.140 ms
Mon, 27 Nov 2023 13:34:27 GMT "GET /api/students/worst/eher" 404 162 - 2.543 ms
Mon, 27 Nov 2023 13:34:48 GMT "GET /api/students/worst/homework" 404 166 - 0.886 ms
Mon, 27 Nov 2023 13:35:39 GMT "GET /api/students/worst/homework" 404 166 - 2.497 ms
Mon, 27 Nov 2023 13:37:19 GMT "GET /api/students/" 200 825 - 7.353 ms
Mon, 27 Nov 2023 13:38:06 GMT "GET /api/students/worst/homework" 200 50 - 3.280 ms
Mon, 27 Nov 2023 13:38:29 GMT "GET /api/students/worst/homework" 200 50 - 4.080 ms
Mon, 27 Nov 2023 13:41:05 GMT "GET /api/students/worst/homewor" 404 80 - 4.497 ms
Mon, 27 Nov 2023 13:45:55 GMT "GET /api/students/worst/homewor" 404 62 - 2.869 ms
Mon, 27 Nov 2023 13:46:00 GMT "GET /api/students/worst/" 404 158 - 2.380 ms
Mon, 27 Nov 2023 13:46:16 GMT "GET /api/students/worst/undefined" 404 62 - 0.370 ms
Mon, 27 Nov 2023 13:51:29 GMT "GET /api/students/worst/undefined" 404 62 - 4.854 ms
Mon, 27 Nov 2023 13:51:33 GMT "GET /api/students/worst/" 404 158 - 2.445 ms
Mon, 27 Nov 2023 13:54:16 GMT "GET /api/students/worst/" 404 1441 - 3.599 ms
Mon, 27 Nov 2023 13:55:06 GMT "GET /api/students/worst/" 404 27 - 2.689 ms
Mon, 27 Nov 2023 13:55:24 GMT "GET /api/students/wor" 404 27 - 0.791 ms
Mon, 27 Nov 2023 13:55:42 GMT "GET /api/students/wor" 404 27 - 4.399 ms
Mon, 27 Nov 2023 13:56:02 GMT "GET /api/students/wor" 404 56 - 2.595 ms
Mon, 27 Nov 2023 13:56:07 GMT "GET /api/students/worst/" 404 59 - 0.906 ms
Mon, 27 Nov 2023 13:57:54 GMT "GET /api/students/worst/" 404 59 - 2.429 ms
Mon, 27 Nov 2023 13:58:33 GMT "GET /api/students/worst/hom" 404 62 - 0.889 ms
Mon, 27 Nov 2023 13:58:40 GMT "GET /api/students/worst/homework" 404 62 - 2.378 ms
Mon, 27 Nov 2023 13:59:05 GMT "GET /api/students/worst/exam" 404 62 - 0.274 ms
Mon, 27 Nov 2023 13:59:09 GMT "GET /api/students/worst/quiz" 404 62 - 0.416 ms
Mon, 27 Nov 2023 13:59:53 GMT "GET /api/students/worst/quiz" 404 62 - 5.665 ms
Mon, 27 Nov 2023 14:00:12 GMT "GET /api/students/worst/quiz" 200 50 - 5.415 ms
Mon, 27 Nov 2023 14:00:20 GMT "GET /api/students/worst/exam" 200 47 - 3.429 ms
Mon, 27 Nov 2023 14:00:25 GMT "GET /api/students/worst/homework" 200 50 - 1.251 ms
Mon, 27 Nov 2023 14:26:18 GMT "GET /api/articles" 200 641 - 5.744 ms
Mon, 27 Nov 2023 14:45:34 GMT "PUT /api/articles" 400 55 - 4.045 ms
Mon, 27 Nov 2023 14:46:00 GMT "PUT /api/articles" 400 119 - 7.576 ms
Mon, 27 Nov 2023 14:47:03 GMT "PUT /api/articles" 400 119 - 4.739 ms
Mon, 27 Nov 2023 14:48:24 GMT "PUT /api/articles" 400 119 - 1.254 ms
Mon, 27 Nov 2023 14:48:30 GMT "PUT /api/articles" 400 119 - 1.824 ms
Mon, 27 Nov 2023 14:49:04 GMT "PUT /api/articles" 400 119 - 0.385 ms
Mon, 27 Nov 2023 14:49:29 GMT "PUT /api/articles" 400 119 - 0.297 ms
Mon, 27 Nov 2023 14:49:48 GMT "PUT /api/articles" 400 119 - 4.346 ms
Mon, 27 Nov 2023 14:50:03 GMT "PUT /api/articles" 400 119 - 4.991 ms
Mon, 27 Nov 2023 14:50:23 GMT "PUT /api/articles" 400 55 - 21.352 ms
Mon, 27 Nov 2023 14:50:41 GMT "PUT /api/articles" 201 90 - 1.370 ms
Mon, 27 Nov 2023 15:19:46 GMT "GET /api/articles" 200 641 - 24.196 ms
Mon, 27 Nov 2023 15:20:23 GMT "GET /api/articles" 200 641 - 65.293 ms
Mon, 27 Nov 2023 15:20:50 GMT "POST /api/articles" 201 100 - 1.554 ms
Mon, 27 Nov 2023 15:21:08 GMT "PATCH /api/articles" 400 76 - 0.927 ms
Mon, 27 Nov 2023 15:21:14 GMT "PATCH /api/articles" 400 59 - 0.539 ms
Mon, 27 Nov 2023 15:21:45 GMT "PATCH /api/articles" 400 55 - 2.637 ms
Mon, 27 Nov 2023 15:22:01 GMT "PATCH /api/articles" 200 96 - 0.924 ms
Mon, 27 Nov 2023 15:22:12 GMT "GET /api/articles" 200 738 - 1.351 ms
Mon, 27 Nov 2023 16:42:39 GMT "GET /api/users" 200 1395 - 30.193 ms
Mon, 27 Nov 2023 16:42:46 GMT "GET /api/users/michaelbrown@example.com" 404 74 - 2.031 ms
Mon, 27 Nov 2023 16:43:06 GMT "GET /api/users/michaelbrown@example.com" 400 51 - 30.940 ms
Mon, 27 Nov 2023 16:43:17 GMT "GET /api/users/michaelbrown@example.com" 400 51 - 3.879 ms
Mon, 27 Nov 2023 16:44:09 GMT "GET /api/users/michaelbrown@example.com" 200 282 - 5.027 ms
Mon, 27 Nov 2023 16:44:18 GMT "GET /api/users/" 200 1395 - 0.513 ms
Mon, 27 Nov 2023 16:44:26 GMT "GET /api/users/johndoe@example.com" 200 269 - 0.683 ms
Mon, 27 Nov 2023 16:54:38 GMT "GET /api/users/" 200 1395 - 3.688 ms
Mon, 27 Nov 2023 16:54:47 GMT "DELETE /api/users/" 400 51 - 27.362 ms
Mon, 27 Nov 2023 16:55:06 GMT "DELETE /api/users/" 400 56 - 3.782 ms
Mon, 27 Nov 2023 16:55:15 GMT "DELETE /api/users/" 400 55 - 24.133 ms
Mon, 27 Nov 2023 16:55:21 GMT "DELETE /api/users/" 400 51 - 1.680 ms
Mon, 27 Nov 2023 16:55:49 GMT "DELETE /api/users/" 400 74 - 1.036 ms
Mon, 27 Nov 2023 16:55:59 GMT "DELETE /api/users/" 400 59 - 0.649 ms
Mon, 27 Nov 2023 16:56:30 GMT "DELETE /api/users/" 400 59 - 0.733 ms
Mon, 27 Nov 2023 16:56:31 GMT "DELETE /api/users/" 400 59 - 0.625 ms
Mon, 27 Nov 2023 16:57:41 GMT "DELETE /api/users/" 400 59 - 18.184 ms
Mon, 27 Nov 2023 16:58:49 GMT "DELETE /api/users/" 400 59 - 16.811 ms
Mon, 27 Nov 2023 17:08:36 GMT "DELETE /api/users/" 400 59 - 19.526 ms
Mon, 27 Nov 2023 17:09:25 GMT "GET /api/users/" 200 1395 - 19.380 ms
Mon, 27 Nov 2023 17:09:39 GMT "DELETE /api/users/" 200 1125 - 1.453 ms
Mon, 27 Nov 2023 17:10:38 GMT "GET /api/users/" 200 1395 - 0.645 ms
Mon, 27 Nov 2023 17:12:10 GMT "GET /api/users/" 200 1395 - 17.950 ms
Mon, 27 Nov 2023 17:12:22 GMT "DELETE /api/users/" 400 59 - 1.406 ms
Mon, 27 Nov 2023 17:19:20 GMT "DELETE /api/users/" 200 1125 - 22.435 ms
Mon, 27 Nov 2023 17:19:34 GMT "GET /api/users/" 200 1125 - 5.261 ms
